d:\ftnak\7semester\grafika\virtualmicrowave\microwave\x64\debug\vc143.pdb
d:\ftnak\7semester\grafika\virtualmicrowave\microwave\x64\debug\vc143.idb
d:\ftnak\7semester\grafika\virtualmicrowave\microwave\x64\debug\vbo.obj
d:\ftnak\7semester\grafika\virtualmicrowave\microwave\x64\debug\vao.obj
d:\ftnak\7semester\grafika\virtualmicrowave\microwave\x64\debug\stb.obj
d:\ftnak\7semester\grafika\virtualmicrowave\microwave\x64\debug\shaderclass.obj
d:\ftnak\7semester\grafika\virtualmicrowave\microwave\x64\debug\ebo.obj
d:\ftnak\7semester\grafika\virtualmicrowave\microwave\x64\debug\texture.obj
d:\ftnak\7semester\grafika\virtualmicrowave\microwave\x64\debug\door.obj
d:\ftnak\7semester\grafika\virtualmicrowave\microwave\x64\debug\main.obj
d:\ftnak\7semester\grafika\virtualmicrowave\microwave\x64\debug\microwave.obj
d:\ftnak\7semester\grafika\virtualmicrowave\microwave\x64\debug\microwave.ilk
d:\ftnak\7semester\grafika\virtualmicrowave\microwave\x64\debug\main.obj.enc
d:\ftnak\7semester\grafika\virtualmicrowave\x64\debug\microwave.pdb
d:\ftnak\7semester\grafika\virtualmicrowave\microwave\x64\debug\microwave.tlog\cl.command.1.tlog
d:\ftnak\7semester\grafika\virtualmicrowave\microwave\x64\debug\microwave.tlog\cl.items.tlog
d:\ftnak\7semester\grafika\virtualmicrowave\microwave\x64\debug\microwave.tlog\cl.read.1.tlog
d:\ftnak\7semester\grafika\virtualmicrowave\microwave\x64\debug\microwave.tlog\cl.write.1.tlog
d:\ftnak\7semester\grafika\virtualmicrowave\microwave\x64\debug\microwave.tlog\link-cvtres.read.1.tlog
d:\ftnak\7semester\grafika\virtualmicrowave\microwave\x64\debug\microwave.tlog\link-cvtres.write.1.tlog
d:\ftnak\7semester\grafika\virtualmicrowave\microwave\x64\debug\microwave.tlog\link-rc.read.1.tlog
d:\ftnak\7semester\grafika\virtualmicrowave\microwave\x64\debug\microwave.tlog\link-rc.write.1.tlog
d:\ftnak\7semester\grafika\virtualmicrowave\microwave\x64\debug\microwave.tlog\link.5508-cvtres.read.1.tlog
d:\ftnak\7semester\grafika\virtualmicrowave\microwave\x64\debug\microwave.tlog\link.5508-cvtres.write.1.tlog
d:\ftnak\7semester\grafika\virtualmicrowave\microwave\x64\debug\microwave.tlog\link.5508-rc.read.1.tlog
d:\ftnak\7semester\grafika\virtualmicrowave\microwave\x64\debug\microwave.tlog\link.5508-rc.write.1.tlog
d:\ftnak\7semester\grafika\virtualmicrowave\microwave\x64\debug\microwave.tlog\link.5508.read.1.tlog
d:\ftnak\7semester\grafika\virtualmicrowave\microwave\x64\debug\microwave.tlog\link.5508.read.2.tlog
d:\ftnak\7semester\grafika\virtualmicrowave\microwave\x64\debug\microwave.tlog\link.5508.write.1.tlog
d:\ftnak\7semester\grafika\virtualmicrowave\microwave\x64\debug\microwave.tlog\link.command.1.tlog
d:\ftnak\7semester\grafika\virtualmicrowave\microwave\x64\debug\microwave.tlog\link.read.1.tlog
d:\ftnak\7semester\grafika\virtualmicrowave\microwave\x64\debug\microwave.tlog\link.read.2.tlog
d:\ftnak\7semester\grafika\virtualmicrowave\microwave\x64\debug\microwave.tlog\link.secondary.1.tlog
d:\ftnak\7semester\grafika\virtualmicrowave\microwave\x64\debug\microwave.tlog\link.write.1.tlog
